<?xml version="1.0" encoding="UTF-8"?>
<!-- Generated by org.testng.reporters.JUnitXMLReporter -->
<testsuite hostname="LAPTOP-K37S6P85" ignored="0" name="PassionInc1" tests="1" failures="1" timestamp="28 Mar 2019 12:36:32 GMT" time="4.92" errors="0">
  <testcase name="submit" time="0.005" classname="com.passionInc.testCases.PI_TC_01">
    <failure type="java.lang.Error" message="Unresolved compilation problems: 
	alert cannot be resolved
	alert cannot be resolved
	alert cannot be resolved
">
      <![CDATA[java.lang.Error: Unresolved compilation problems: 
alert cannot be resolved
alert cannot be resolved
alert cannot be resolved

at com.passionInc.testCases.PI_TC_01.submit(PI_TC_01.java:48)
... Removed 25 stack frames]]>
    </failure>
  </testcase> <!-- submit -->
</testsuite> <!-- PassionInc1 -->
