<?xml version="1.0" encoding="UTF-8"?>
<!-- Generated by org.testng.reporters.JUnitXMLReporter -->
<testsuite hostname="LAPTOP-K37S6P85" ignored="0" name="PassionInc Test1" tests="5" failures="0" timestamp="28 Mar 2019 22:43:01 GMT" time="27.661" errors="0">
  <testcase name="submit" time="3.537" classname="com.passionInc.testCases.PI_TC_01"/>
  <testcase name="submitNegative" time="1.637" classname="com.passionInc.testCases.PI_TC_02"/>
  <testcase name="submitNegative" time="1.398" classname="com.passionInc.testCases.PI_TC_02"/>
  <testcase name="submitNegative" time="2.227" classname="com.passionInc.testCases.PI_TC_02"/>
  <testcase name="chechemailformat" time="3.073" classname="com.passionInc.testCases.PI_TC_03"/>
</testsuite> <!-- PassionInc Test1 -->
